[0m15:21:28.580958 [debug] [MainThread]: Sending event: {'category': 'dbt', 'action': 'invocation', 'label': 'start', 'context': [<snowplow_tracker.self_describing_json.SelfDescribingJson object at 0x77133d80f800>, <snowplow_tracker.self_describing_json.SelfDescribingJson object at 0x77133bb13920>, <snowplow_tracker.self_describing_json.SelfDescribingJson object at 0x77133ce24410>]}


============================== 15:21:28.607021 | 8a404683-0683-49c6-9e0d-1c307d6b6a52 ==============================
[0m15:21:28.607021 [info ] [MainThread]: Running with dbt=1.9.0
[0m15:21:28.608778 [debug] [MainThread]: running dbt with arguments {'printer_width': '80', 'indirect_selection': 'eager', 'write_json': 'True', 'log_cache_events': 'False', 'partial_parse': 'True', 'cache_selected_only': 'False', 'profiles_dir': '/root/.dbt', 'version_check': 'True', 'warn_error': 'None', 'log_path': 'logs', 'debug': 'False', 'fail_fast': 'False', 'use_colors': 'True', 'use_experimental_parser': 'False', 'empty': 'None', 'quiet': 'False', 'no_print': 'None', 'log_format': 'default', 'invocation_command': 'dbt init', 'introspect': 'True', 'static_parser': 'True', 'target_path': 'None', 'warn_error_options': 'WarnErrorOptions(include=[], exclude=[])', 'send_anonymous_usage_stats': 'True'}
[0m15:21:34.334128 [debug] [MainThread]: Starter project path: /usr/local/lib/python3.12/site-packages/dbt/include/starter_project
[0m15:21:34.364963 [info ] [MainThread]: 
Your new dbt project "gh_pipeline" was created!

For more information on how to configure the profiles.yml file,
please consult the dbt documentation here:

  https://docs.getdbt.com/docs/configure-your-profile

One more thing:

Need help? Don't hesitate to reach out to us via GitHub issues or on Slack:

  https://community.getdbt.com/

Happy modeling!

[0m15:21:34.366584 [info ] [MainThread]: Setting up your profile.
[0m15:21:55.203041 [info ] [MainThread]: Profile gh_pipeline written to /root/.dbt/profiles.yml using target's profile_template.yml and your supplied values. Run 'dbt debug' to validate the connection.
[0m15:21:55.210557 [debug] [MainThread]: Resource report: {"command_name": "init", "command_success": true, "command_wall_clock_time": 26.769094, "process_in_blocks": "93496", "process_kernel_time": 1.335748, "process_mem_max_rss": "91148", "process_out_blocks": "1552", "process_user_time": 3.314054}
[0m15:21:55.212208 [debug] [MainThread]: Command `dbt init` succeeded at 15:21:55.211713 after 26.77 seconds
[0m15:21:55.213836 [debug] [MainThread]: Sending event: {'category': 'dbt', 'action': 'invocation', 'label': 'end', 'context': [<snowplow_tracker.self_describing_json.SelfDescribingJson object at 0x77133c772540>, <snowplow_tracker.self_describing_json.SelfDescribingJson object at 0x77133b697410>, <snowplow_tracker.self_describing_json.SelfDescribingJson object at 0x77133bee2840>]}
[0m15:21:55.216624 [debug] [MainThread]: Flushing usage events
[0m15:21:56.281723 [debug] [MainThread]: An error was encountered while trying to flush usage events
